{"E:\\兴杰\\myProject\\my-wheel\\my-promise\\index.js": {"path":"E:\\兴杰\\myProject\\my-wheel\\my-promise\\index.js","statementMap":{"0":{"start":{"line":1,"column":14},"end":{"line":1,"column":46}},"1":{"start":{"line":1,"column":21},"end":{"line":1,"column":46}},"2":{"start":{"line":3,"column":16},"end":{"line":3,"column":25}},"3":{"start":{"line":4,"column":18},"end":{"line":4,"column":29}},"4":{"start":{"line":5,"column":17},"end":{"line":5,"column":27}},"5":{"start":{"line":9,"column":4},"end":{"line":11,"column":5}},"6":{"start":{"line":10,"column":6},"end":{"line":10,"column":52}},"7":{"start":{"line":12,"column":4},"end":{"line":12,"column":24}},"8":{"start":{"line":13,"column":4},"end":{"line":13,"column":26}},"9":{"start":{"line":14,"column":4},"end":{"line":14,"column":29}},"10":{"start":{"line":15,"column":4},"end":{"line":15,"column":28}},"11":{"start":{"line":17,"column":4},"end":{"line":21,"column":5}},"12":{"start":{"line":18,"column":6},"end":{"line":18,"column":64}},"13":{"start":{"line":20,"column":6},"end":{"line":20,"column":25}},"14":{"start":{"line":25,"column":4},"end":{"line":27,"column":5}},"15":{"start":{"line":26,"column":6},"end":{"line":26,"column":12}},"16":{"start":{"line":28,"column":16},"end":{"line":36,"column":5}},"17":{"start":{"line":29,"column":6},"end":{"line":29,"column":30}},"18":{"start":{"line":30,"column":6},"end":{"line":30,"column":22}},"19":{"start":{"line":33,"column":6},"end":{"line":35,"column":7}},"20":{"start":{"line":34,"column":8},"end":{"line":34,"column":15}},"21":{"start":{"line":37,"column":4},"end":{"line":37,"column":22}},"22":{"start":{"line":41,"column":4},"end":{"line":43,"column":5}},"23":{"start":{"line":42,"column":6},"end":{"line":42,"column":12}},"24":{"start":{"line":44,"column":16},"end":{"line":52,"column":5}},"25":{"start":{"line":45,"column":6},"end":{"line":45,"column":29}},"26":{"start":{"line":46,"column":6},"end":{"line":46,"column":22}},"27":{"start":{"line":49,"column":6},"end":{"line":51,"column":7}},"28":{"start":{"line":50,"column":8},"end":{"line":50,"column":15}},"29":{"start":{"line":53,"column":4},"end":{"line":53,"column":22}},"30":{"start":{"line":57,"column":21},"end":{"line":107,"column":6}},"31":{"start":{"line":58,"column":24},"end":{"line":73,"column":7}},"32":{"start":{"line":59,"column":8},"end":{"line":72,"column":9}},"33":{"start":{"line":60,"column":10},"end":{"line":60,"column":22}},"34":{"start":{"line":62,"column":10},"end":{"line":71,"column":11}},"35":{"start":{"line":63,"column":24},"end":{"line":63,"column":40}},"36":{"start":{"line":64,"column":12},"end":{"line":68,"column":13}},"37":{"start":{"line":65,"column":14},"end":{"line":65,"column":39}},"38":{"start":{"line":67,"column":14},"end":{"line":67,"column":26}},"39":{"start":{"line":70,"column":12},"end":{"line":70,"column":25}},"40":{"start":{"line":74,"column":23},"end":{"line":90,"column":7}},"41":{"start":{"line":75,"column":8},"end":{"line":89,"column":9}},"42":{"start":{"line":76,"column":10},"end":{"line":76,"column":21}},"43":{"start":{"line":78,"column":10},"end":{"line":88,"column":11}},"44":{"start":{"line":79,"column":24},"end":{"line":79,"column":39}},"45":{"start":{"line":81,"column":12},"end":{"line":85,"column":13}},"46":{"start":{"line":82,"column":14},"end":{"line":82,"column":39}},"47":{"start":{"line":84,"column":14},"end":{"line":84,"column":26}},"48":{"start":{"line":87,"column":12},"end":{"line":87,"column":25}},"49":{"start":{"line":92,"column":6},"end":{"line":106,"column":7}},"50":{"start":{"line":94,"column":10},"end":{"line":94,"column":46}},"51":{"start":{"line":95,"column":10},"end":{"line":95,"column":44}},"52":{"start":{"line":96,"column":10},"end":{"line":96,"column":15}},"53":{"start":{"line":98,"column":10},"end":{"line":98,"column":32}},"54":{"start":{"line":99,"column":10},"end":{"line":99,"column":15}},"55":{"start":{"line":101,"column":10},"end":{"line":101,"column":31}},"56":{"start":{"line":102,"column":10},"end":{"line":102,"column":15}},"57":{"start":{"line":105,"column":10},"end":{"line":105,"column":15}},"58":{"start":{"line":108,"column":4},"end":{"line":108,"column":19}},"59":{"start":{"line":112,"column":4},"end":{"line":112,"column":40}},"60":{"start":{"line":116,"column":4},"end":{"line":119,"column":5}},"61":{"start":{"line":117,"column":15},"end":{"line":117,"column":56}},"62":{"start":{"line":117,"column":50},"end":{"line":117,"column":55}},"63":{"start":{"line":118,"column":16},"end":{"line":118,"column":68}},"64":{"start":{"line":118,"column":53},"end":{"line":118,"column":65}},"65":{"start":{"line":123,"column":4},"end":{"line":125,"column":5}},"66":{"start":{"line":124,"column":6},"end":{"line":124,"column":18}},"67":{"start":{"line":126,"column":4},"end":{"line":128,"column":6}},"68":{"start":{"line":127,"column":6},"end":{"line":127,"column":20}},"69":{"start":{"line":132,"column":4},"end":{"line":134,"column":5}},"70":{"start":{"line":133,"column":6},"end":{"line":133,"column":18}},"71":{"start":{"line":135,"column":4},"end":{"line":137,"column":6}},"72":{"start":{"line":136,"column":6},"end":{"line":136,"column":19}},"73":{"start":{"line":141,"column":4},"end":{"line":158,"column":6}},"74":{"start":{"line":142,"column":18},"end":{"line":142,"column":19}},"75":{"start":{"line":143,"column":19},"end":{"line":143,"column":21}},"76":{"start":{"line":144,"column":6},"end":{"line":157,"column":7}},"77":{"start":{"line":145,"column":8},"end":{"line":156,"column":12}},"78":{"start":{"line":147,"column":12},"end":{"line":147,"column":31}},"79":{"start":{"line":148,"column":12},"end":{"line":148,"column":19}},"80":{"start":{"line":150,"column":12},"end":{"line":152,"column":13}},"81":{"start":{"line":151,"column":14},"end":{"line":151,"column":29}},"82":{"start":{"line":155,"column":12},"end":{"line":155,"column":23}},"83":{"start":{"line":162,"column":4},"end":{"line":172,"column":6}},"84":{"start":{"line":163,"column":6},"end":{"line":171,"column":7}},"85":{"start":{"line":164,"column":8},"end":{"line":170,"column":12}},"86":{"start":{"line":166,"column":12},"end":{"line":166,"column":24}},"87":{"start":{"line":169,"column":12},"end":{"line":169,"column":23}}},"fnMap":{"0":{"name":"(anonymous_0)","decl":{"start":{"line":1,"column":14},"end":{"line":1,"column":15}},"loc":{"start":{"line":1,"column":21},"end":{"line":1,"column":46}},"line":1},"1":{"name":"(anonymous_1)","decl":{"start":{"line":8,"column":2},"end":{"line":8,"column":3}},"loc":{"start":{"line":8,"column":24},"end":{"line":22,"column":3}},"line":8},"2":{"name":"(anonymous_2)","decl":{"start":{"line":24,"column":2},"end":{"line":24,"column":3}},"loc":{"start":{"line":24,"column":17},"end":{"line":38,"column":3}},"line":24},"3":{"name":"(anonymous_3)","decl":{"start":{"line":28,"column":16},"end":{"line":28,"column":17}},"loc":{"start":{"line":28,"column":22},"end":{"line":36,"column":5}},"line":28},"4":{"name":"(anonymous_4)","decl":{"start":{"line":40,"column":2},"end":{"line":40,"column":3}},"loc":{"start":{"line":40,"column":16},"end":{"line":54,"column":3}},"line":40},"5":{"name":"(anonymous_5)","decl":{"start":{"line":44,"column":16},"end":{"line":44,"column":17}},"loc":{"start":{"line":44,"column":22},"end":{"line":52,"column":5}},"line":44},"6":{"name":"(anonymous_6)","decl":{"start":{"line":56,"column":2},"end":{"line":56,"column":3}},"loc":{"start":{"line":56,"column":33},"end":{"line":109,"column":3}},"line":56},"7":{"name":"(anonymous_7)","decl":{"start":{"line":57,"column":35},"end":{"line":57,"column":36}},"loc":{"start":{"line":57,"column":56},"end":{"line":107,"column":5}},"line":57},"8":{"name":"(anonymous_8)","decl":{"start":{"line":58,"column":24},"end":{"line":58,"column":25}},"loc":{"start":{"line":58,"column":33},"end":{"line":73,"column":7}},"line":58},"9":{"name":"(anonymous_9)","decl":{"start":{"line":74,"column":23},"end":{"line":74,"column":24}},"loc":{"start":{"line":74,"column":32},"end":{"line":90,"column":7}},"line":74},"10":{"name":"(anonymous_10)","decl":{"start":{"line":111,"column":2},"end":{"line":111,"column":3}},"loc":{"start":{"line":111,"column":21},"end":{"line":113,"column":3}},"line":111},"11":{"name":"(anonymous_11)","decl":{"start":{"line":115,"column":2},"end":{"line":115,"column":3}},"loc":{"start":{"line":115,"column":15},"end":{"line":120,"column":3}},"line":115},"12":{"name":"(anonymous_12)","decl":{"start":{"line":117,"column":6},"end":{"line":117,"column":7}},"loc":{"start":{"line":117,"column":15},"end":{"line":117,"column":56}},"line":117},"13":{"name":"(anonymous_13)","decl":{"start":{"line":117,"column":44},"end":{"line":117,"column":45}},"loc":{"start":{"line":117,"column":50},"end":{"line":117,"column":55}},"line":117},"14":{"name":"(anonymous_14)","decl":{"start":{"line":118,"column":6},"end":{"line":118,"column":7}},"loc":{"start":{"line":118,"column":16},"end":{"line":118,"column":68}},"line":118},"15":{"name":"(anonymous_15)","decl":{"start":{"line":118,"column":45},"end":{"line":118,"column":46}},"loc":{"start":{"line":118,"column":51},"end":{"line":118,"column":67}},"line":118},"16":{"name":"(anonymous_16)","decl":{"start":{"line":122,"column":2},"end":{"line":122,"column":3}},"loc":{"start":{"line":122,"column":25},"end":{"line":129,"column":3}},"line":122},"17":{"name":"(anonymous_17)","decl":{"start":{"line":126,"column":25},"end":{"line":126,"column":26}},"loc":{"start":{"line":126,"column":36},"end":{"line":128,"column":5}},"line":126},"18":{"name":"(anonymous_18)","decl":{"start":{"line":131,"column":2},"end":{"line":131,"column":3}},"loc":{"start":{"line":131,"column":24},"end":{"line":138,"column":3}},"line":131},"19":{"name":"(anonymous_19)","decl":{"start":{"line":135,"column":25},"end":{"line":135,"column":26}},"loc":{"start":{"line":135,"column":46},"end":{"line":137,"column":5}},"line":135},"20":{"name":"(anonymous_20)","decl":{"start":{"line":140,"column":2},"end":{"line":140,"column":3}},"loc":{"start":{"line":140,"column":27},"end":{"line":159,"column":3}},"line":140},"21":{"name":"(anonymous_21)","decl":{"start":{"line":141,"column":25},"end":{"line":141,"column":26}},"loc":{"start":{"line":141,"column":46},"end":{"line":158,"column":5}},"line":141},"22":{"name":"(anonymous_22)","decl":{"start":{"line":146,"column":16},"end":{"line":146,"column":17}},"loc":{"start":{"line":146,"column":25},"end":{"line":153,"column":11}},"line":146},"23":{"name":"(anonymous_23)","decl":{"start":{"line":154,"column":17},"end":{"line":154,"column":18}},"loc":{"start":{"line":154,"column":24},"end":{"line":156,"column":11}},"line":154},"24":{"name":"(anonymous_24)","decl":{"start":{"line":161,"column":2},"end":{"line":161,"column":3}},"loc":{"start":{"line":161,"column":28},"end":{"line":173,"column":3}},"line":161},"25":{"name":"(anonymous_25)","decl":{"start":{"line":162,"column":23},"end":{"line":162,"column":24}},"loc":{"start":{"line":162,"column":44},"end":{"line":172,"column":5}},"line":162},"26":{"name":"(anonymous_26)","decl":{"start":{"line":165,"column":16},"end":{"line":165,"column":17}},"loc":{"start":{"line":165,"column":23},"end":{"line":167,"column":11}},"line":165},"27":{"name":"(anonymous_27)","decl":{"start":{"line":168,"column":17},"end":{"line":168,"column":18}},"loc":{"start":{"line":168,"column":24},"end":{"line":170,"column":11}},"line":168}},"branchMap":{"0":{"loc":{"start":{"line":9,"column":4},"end":{"line":11,"column":5}},"type":"if","locations":[{"start":{"line":9,"column":4},"end":{"line":11,"column":5}},{"start":{"line":9,"column":4},"end":{"line":11,"column":5}}],"line":9},"1":{"loc":{"start":{"line":25,"column":4},"end":{"line":27,"column":5}},"type":"if","locations":[{"start":{"line":25,"column":4},"end":{"line":27,"column":5}},{"start":{"line":25,"column":4},"end":{"line":27,"column":5}}],"line":25},"2":{"loc":{"start":{"line":41,"column":4},"end":{"line":43,"column":5}},"type":"if","locations":[{"start":{"line":41,"column":4},"end":{"line":43,"column":5}},{"start":{"line":41,"column":4},"end":{"line":43,"column":5}}],"line":41},"3":{"loc":{"start":{"line":59,"column":8},"end":{"line":72,"column":9}},"type":"if","locations":[{"start":{"line":59,"column":8},"end":{"line":72,"column":9}},{"start":{"line":59,"column":8},"end":{"line":72,"column":9}}],"line":59},"4":{"loc":{"start":{"line":64,"column":12},"end":{"line":68,"column":13}},"type":"if","locations":[{"start":{"line":64,"column":12},"end":{"line":68,"column":13}},{"start":{"line":64,"column":12},"end":{"line":68,"column":13}}],"line":64},"5":{"loc":{"start":{"line":75,"column":8},"end":{"line":89,"column":9}},"type":"if","locations":[{"start":{"line":75,"column":8},"end":{"line":89,"column":9}},{"start":{"line":75,"column":8},"end":{"line":89,"column":9}}],"line":75},"6":{"loc":{"start":{"line":81,"column":12},"end":{"line":85,"column":13}},"type":"if","locations":[{"start":{"line":81,"column":12},"end":{"line":85,"column":13}},{"start":{"line":81,"column":12},"end":{"line":85,"column":13}}],"line":81},"7":{"loc":{"start":{"line":92,"column":6},"end":{"line":106,"column":7}},"type":"switch","locations":[{"start":{"line":93,"column":8},"end":{"line":96,"column":15}},{"start":{"line":97,"column":8},"end":{"line":99,"column":15}},{"start":{"line":100,"column":8},"end":{"line":102,"column":15}},{"start":{"line":104,"column":8},"end":{"line":105,"column":15}}],"line":92},"8":{"loc":{"start":{"line":123,"column":4},"end":{"line":125,"column":5}},"type":"if","locations":[{"start":{"line":123,"column":4},"end":{"line":125,"column":5}},{"start":{"line":123,"column":4},"end":{"line":125,"column":5}}],"line":123},"9":{"loc":{"start":{"line":132,"column":4},"end":{"line":134,"column":5}},"type":"if","locations":[{"start":{"line":132,"column":4},"end":{"line":134,"column":5}},{"start":{"line":132,"column":4},"end":{"line":134,"column":5}}],"line":132},"10":{"loc":{"start":{"line":150,"column":12},"end":{"line":152,"column":13}},"type":"if","locations":[{"start":{"line":150,"column":12},"end":{"line":152,"column":13}},{"start":{"line":150,"column":12},"end":{"line":152,"column":13}}],"line":150}},"s":{"0":1,"1":8,"2":1,"3":1,"4":1,"5":5,"6":0,"7":5,"8":5,"9":5,"10":5,"11":5,"12":5,"13":0,"14":5,"15":0,"16":5,"17":2,"18":2,"19":2,"20":3,"21":5,"22":0,"23":0,"24":0,"25":0,"26":0,"27":0,"28":0,"29":0,"30":3,"31":3,"32":3,"33":0,"34":3,"35":3,"36":3,"37":0,"38":3,"39":0,"40":3,"41":0,"42":0,"43":0,"44":0,"45":0,"46":0,"47":0,"48":0,"49":3,"50":3,"51":3,"52":3,"53":0,"54":0,"55":0,"56":0,"57":0,"58":3,"59":0,"60":0,"61":0,"62":0,"63":0,"64":0,"65":0,"66":0,"67":0,"68":0,"69":0,"70":0,"71":0,"72":0,"73":0,"74":0,"75":0,"76":0,"77":0,"78":0,"79":0,"80":0,"81":0,"82":0,"83":0,"84":0,"85":0,"86":0,"87":0},"f":{"0":8,"1":5,"2":5,"3":2,"4":0,"5":0,"6":3,"7":3,"8":3,"9":0,"10":0,"11":0,"12":0,"13":0,"14":0,"15":0,"16":0,"17":0,"18":0,"19":0,"20":0,"21":0,"22":0,"23":0,"24":0,"25":0,"26":0,"27":0},"b":{"0":[0,5],"1":[0,5],"2":[0,0],"3":[0,3],"4":[0,3],"5":[0,0],"6":[0,0],"7":[3,0,0,0],"8":[0,0],"9":[0,0],"10":[0,0]},"_coverageSchema":"1a1c01bbd47fc00a2c39e90264f33305004495a9","hash":"40d99963836cab6f6645ef22aebf997699c8f3ae"}
}
