TN:
SF:my-promise\index.js
FN:1,(anonymous_0)
FN:8,(anonymous_1)
FN:24,(anonymous_2)
FN:28,(anonymous_3)
FN:40,(anonymous_4)
FN:44,(anonymous_5)
FN:56,(anonymous_6)
FN:57,(anonymous_7)
FN:58,(anonymous_8)
FN:74,(anonymous_9)
FN:111,(anonymous_10)
FN:115,(anonymous_11)
FN:117,(anonymous_12)
FN:117,(anonymous_13)
FN:118,(anonymous_14)
FN:118,(anonymous_15)
FN:122,(anonymous_16)
FN:126,(anonymous_17)
FN:131,(anonymous_18)
FN:135,(anonymous_19)
FN:140,(anonymous_20)
FN:141,(anonymous_21)
FN:146,(anonymous_22)
FN:154,(anonymous_23)
FN:161,(anonymous_24)
FN:162,(anonymous_25)
FN:165,(anonymous_26)
FN:168,(anonymous_27)
FNF:28
FNH:7
FNDA:8,(anonymous_0)
FNDA:5,(anonymous_1)
FNDA:5,(anonymous_2)
FNDA:2,(anonymous_3)
FNDA:0,(anonymous_4)
FNDA:0,(anonymous_5)
FNDA:3,(anonymous_6)
FNDA:3,(anonymous_7)
FNDA:3,(anonymous_8)
FNDA:0,(anonymous_9)
FNDA:0,(anonymous_10)
FNDA:0,(anonymous_11)
FNDA:0,(anonymous_12)
FNDA:0,(anonymous_13)
FNDA:0,(anonymous_14)
FNDA:0,(anonymous_15)
FNDA:0,(anonymous_16)
FNDA:0,(anonymous_17)
FNDA:0,(anonymous_18)
FNDA:0,(anonymous_19)
FNDA:0,(anonymous_20)
FNDA:0,(anonymous_21)
FNDA:0,(anonymous_22)
FNDA:0,(anonymous_23)
FNDA:0,(anonymous_24)
FNDA:0,(anonymous_25)
FNDA:0,(anonymous_26)
FNDA:0,(anonymous_27)
DA:1,8
DA:3,1
DA:4,1
DA:5,1
DA:9,5
DA:10,0
DA:12,5
DA:13,5
DA:14,5
DA:15,5
DA:17,5
DA:18,5
DA:20,0
DA:25,5
DA:26,0
DA:28,5
DA:29,2
DA:30,2
DA:33,2
DA:34,3
DA:37,5
DA:41,0
DA:42,0
DA:44,0
DA:45,0
DA:46,0
DA:49,0
DA:50,0
DA:53,0
DA:57,3
DA:58,3
DA:59,3
DA:60,0
DA:62,3
DA:63,3
DA:64,3
DA:65,0
DA:67,3
DA:70,0
DA:74,3
DA:75,0
DA:76,0
DA:78,0
DA:79,0
DA:81,0
DA:82,0
DA:84,0
DA:87,0
DA:92,3
DA:94,3
DA:95,3
DA:96,3
DA:98,0
DA:99,0
DA:101,0
DA:102,0
DA:105,0
DA:108,3
DA:112,0
DA:116,0
DA:117,0
DA:118,0
DA:123,0
DA:124,0
DA:126,0
DA:127,0
DA:132,0
DA:133,0
DA:135,0
DA:136,0
DA:141,0
DA:142,0
DA:143,0
DA:144,0
DA:145,0
DA:147,0
DA:148,0
DA:150,0
DA:151,0
DA:155,0
DA:162,0
DA:163,0
DA:164,0
DA:166,0
DA:169,0
LF:85
LH:31
BRDA:9,0,0,0
BRDA:9,0,1,5
BRDA:25,1,0,0
BRDA:25,1,1,5
BRDA:41,2,0,0
BRDA:41,2,1,0
BRDA:59,3,0,0
BRDA:59,3,1,3
BRDA:64,4,0,0
BRDA:64,4,1,3
BRDA:75,5,0,0
BRDA:75,5,1,0
BRDA:81,6,0,0
BRDA:81,6,1,0
BRDA:92,7,0,3
BRDA:92,7,1,0
BRDA:92,7,2,0
BRDA:92,7,3,0
BRDA:123,8,0,0
BRDA:123,8,1,0
BRDA:132,9,0,0
BRDA:132,9,1,0
BRDA:150,10,0,0
BRDA:150,10,1,0
BRF:24
BRH:5
end_of_record
